2025-07-24 13:36:22,324 DEBUG    root            Loaded Command Group: ['gcloud', 'components']
2025-07-24 13:36:22,328 DEBUG    root            Loaded Command Group: ['gcloud', 'components', 'update']
2025-07-24 13:36:22,330 DEBUG    root            Running [gcloud.components.update] with arguments: [--compile-python: "True", --quiet: "True", COMPONENT-IDS:6: "['core', 'gcloud-deps', 'bq', 'gcloud', 'gcloud-crc32c', 'gsutil']"]
2025-07-24 13:36:22,331 INFO     ___FILE_ONLY___ Beginning update. This process may take several minutes.

2025-07-24 13:36:22,374 DEBUG    urllib3.connectionpool Starting new HTTPS connection (1): dl.google.com:443
2025-07-24 13:36:23,425 DEBUG    urllib3.connectionpool https://dl.google.com:443 "GET /dl/cloudsdk/channels/rapid/components-2.json HTTP/11" 200 239806
2025-07-24 13:36:23,437 INFO     ___FILE_ONLY___ 

2025-07-24 13:36:23,437 INFO     ___FILE_ONLY___ 
Your current Google Cloud CLI version is: 531.0.0

2025-07-24 13:36:23,437 INFO     ___FILE_ONLY___ Installing components from version: 531.0.0

2025-07-24 13:36:23,437 INFO     ___FILE_ONLY___ 

2025-07-24 13:36:23,438 DEBUG    root            Chosen display Format:table[box,title="These components will be removed."](details.display_name:label=Name:align=left,version.version_string:label=Version:align=right,data.size.size(zero="",min=1048576):label=Size:align=right)
2025-07-24 13:36:23,438 DEBUG    root            Chosen display Format:table[box,title="These components will be updated."](details.display_name:label=Name:align=left,version.version_string:label=Version:align=right,data.size.size(zero="",min=1048576):label=Size:align=right)
2025-07-24 13:36:23,439 DEBUG    root            Chosen display Format:table[box,title="These components will be installed."](details.display_name:label=Name:align=left,version.version_string:label=Version:align=right,data.size.size(zero="",min=1048576):label=Size:align=right)
2025-07-24 13:36:23,477 INFO     ___FILE_ONLY___ ┌─────────────────────────────────────────────────────────────────────────────┐
2025-07-24 13:36:23,477 INFO     ___FILE_ONLY___ 

2025-07-24 13:36:23,478 INFO     ___FILE_ONLY___ │                     These components will be installed.                     │
2025-07-24 13:36:23,478 INFO     ___FILE_ONLY___ 

2025-07-24 13:36:23,478 INFO     ___FILE_ONLY___ ├─────────────────────────────────────────────────────┬────────────┬──────────┤
2025-07-24 13:36:23,478 INFO     ___FILE_ONLY___ 

2025-07-24 13:36:23,478 INFO     ___FILE_ONLY___ │                         Name                        │  Version   │   Size   │
2025-07-24 13:36:23,478 INFO     ___FILE_ONLY___ 

2025-07-24 13:36:23,478 INFO     ___FILE_ONLY___ ├─────────────────────────────────────────────────────┼────────────┼──────────┤
2025-07-24 13:36:23,478 INFO     ___FILE_ONLY___ 

2025-07-24 13:36:23,478 INFO     ___FILE_ONLY___ │ 
2025-07-24 13:36:23,478 INFO     ___FILE_ONLY___ BigQuery Command Line Tool                         
2025-07-24 13:36:23,478 INFO     ___FILE_ONLY___  
2025-07-24 13:36:23,478 INFO     ___FILE_ONLY___ │ 
2025-07-24 13:36:23,478 INFO     ___FILE_ONLY___     2.1.20
2025-07-24 13:36:23,478 INFO     ___FILE_ONLY___  
2025-07-24 13:36:23,478 INFO     ___FILE_ONLY___ │ 
2025-07-24 13:36:23,478 INFO     ___FILE_ONLY___  1.8 MiB
2025-07-24 13:36:23,478 INFO     ___FILE_ONLY___  
2025-07-24 13:36:23,478 INFO     ___FILE_ONLY___ │
2025-07-24 13:36:23,479 INFO     ___FILE_ONLY___ 

2025-07-24 13:36:23,479 INFO     ___FILE_ONLY___ │ 
2025-07-24 13:36:23,479 INFO     ___FILE_ONLY___ BigQuery Command Line Tool (Platform Specific)     
2025-07-24 13:36:23,479 INFO     ___FILE_ONLY___  
2025-07-24 13:36:23,479 INFO     ___FILE_ONLY___ │ 
2025-07-24 13:36:23,479 INFO     ___FILE_ONLY___     2.1.17
2025-07-24 13:36:23,479 INFO     ___FILE_ONLY___  
2025-07-24 13:36:23,479 INFO     ___FILE_ONLY___ │ 
2025-07-24 13:36:23,479 INFO     ___FILE_ONLY___  < 1 MiB
2025-07-24 13:36:23,479 INFO     ___FILE_ONLY___  
2025-07-24 13:36:23,479 INFO     ___FILE_ONLY___ │
2025-07-24 13:36:23,479 INFO     ___FILE_ONLY___ 

2025-07-24 13:36:23,479 INFO     ___FILE_ONLY___ │ 
2025-07-24 13:36:23,479 INFO     ___FILE_ONLY___ Bundled Python 3.12 (Platform Specific)            
2025-07-24 13:36:23,479 INFO     ___FILE_ONLY___  
2025-07-24 13:36:23,479 INFO     ___FILE_ONLY___ │ 
2025-07-24 13:36:23,479 INFO     ___FILE_ONLY___     3.12.9
2025-07-24 13:36:23,479 INFO     ___FILE_ONLY___  
2025-07-24 13:36:23,479 INFO     ___FILE_ONLY___ │ 
2025-07-24 13:36:23,479 INFO     ___FILE_ONLY___ 89.3 MiB
2025-07-24 13:36:23,479 INFO     ___FILE_ONLY___  
2025-07-24 13:36:23,480 INFO     ___FILE_ONLY___ │
2025-07-24 13:36:23,480 INFO     ___FILE_ONLY___ 

2025-07-24 13:36:23,480 INFO     ___FILE_ONLY___ │ 
2025-07-24 13:36:23,480 INFO     ___FILE_ONLY___ Cloud Storage Command Line Tool                    
2025-07-24 13:36:23,480 INFO     ___FILE_ONLY___  
2025-07-24 13:36:23,480 INFO     ___FILE_ONLY___ │ 
2025-07-24 13:36:23,480 INFO     ___FILE_ONLY___       5.35
2025-07-24 13:36:23,480 INFO     ___FILE_ONLY___  
2025-07-24 13:36:23,480 INFO     ___FILE_ONLY___ │ 
2025-07-24 13:36:23,480 INFO     ___FILE_ONLY___ 12.4 MiB
2025-07-24 13:36:23,480 INFO     ___FILE_ONLY___  
2025-07-24 13:36:23,480 INFO     ___FILE_ONLY___ │
2025-07-24 13:36:23,480 INFO     ___FILE_ONLY___ 

2025-07-24 13:36:23,480 INFO     ___FILE_ONLY___ │ 
2025-07-24 13:36:23,480 INFO     ___FILE_ONLY___ Cloud Storage Command Line Tool (Platform Specific)
2025-07-24 13:36:23,480 INFO     ___FILE_ONLY___  
2025-07-24 13:36:23,480 INFO     ___FILE_ONLY___ │ 
2025-07-24 13:36:23,480 INFO     ___FILE_ONLY___       5.34
2025-07-24 13:36:23,480 INFO     ___FILE_ONLY___  
2025-07-24 13:36:23,480 INFO     ___FILE_ONLY___ │ 
2025-07-24 13:36:23,480 INFO     ___FILE_ONLY___  < 1 MiB
2025-07-24 13:36:23,480 INFO     ___FILE_ONLY___  
2025-07-24 13:36:23,481 INFO     ___FILE_ONLY___ │
2025-07-24 13:36:23,481 INFO     ___FILE_ONLY___ 

2025-07-24 13:36:23,481 INFO     ___FILE_ONLY___ │ 
2025-07-24 13:36:23,481 INFO     ___FILE_ONLY___ Google Cloud CLI Core Libraries (Platform Specific)
2025-07-24 13:36:23,481 INFO     ___FILE_ONLY___  
2025-07-24 13:36:23,481 INFO     ___FILE_ONLY___ │ 
2025-07-24 13:36:23,481 INFO     ___FILE_ONLY___ 2025.05.23
2025-07-24 13:36:23,481 INFO     ___FILE_ONLY___  
2025-07-24 13:36:23,481 INFO     ___FILE_ONLY___ │ 
2025-07-24 13:36:23,481 INFO     ___FILE_ONLY___  < 1 MiB
2025-07-24 13:36:23,481 INFO     ___FILE_ONLY___  
2025-07-24 13:36:23,481 INFO     ___FILE_ONLY___ │
2025-07-24 13:36:23,481 INFO     ___FILE_ONLY___ 

2025-07-24 13:36:23,481 INFO     ___FILE_ONLY___ │ 
2025-07-24 13:36:23,481 INFO     ___FILE_ONLY___ Google Cloud CRC32C Hash Tool (Platform Specific)  
2025-07-24 13:36:23,481 INFO     ___FILE_ONLY___  
2025-07-24 13:36:23,481 INFO     ___FILE_ONLY___ │ 
2025-07-24 13:36:23,481 INFO     ___FILE_ONLY___      1.0.0
2025-07-24 13:36:23,481 INFO     ___FILE_ONLY___  
2025-07-24 13:36:23,481 INFO     ___FILE_ONLY___ │ 
2025-07-24 13:36:23,481 INFO     ___FILE_ONLY___  1.5 MiB
2025-07-24 13:36:23,481 INFO     ___FILE_ONLY___  
2025-07-24 13:36:23,482 INFO     ___FILE_ONLY___ │
2025-07-24 13:36:23,482 INFO     ___FILE_ONLY___ 

2025-07-24 13:36:23,482 INFO     ___FILE_ONLY___ │ 
2025-07-24 13:36:23,482 INFO     ___FILE_ONLY___ gcloud cli dependencies (Platform Specific)        
2025-07-24 13:36:23,482 INFO     ___FILE_ONLY___  
2025-07-24 13:36:23,482 INFO     ___FILE_ONLY___ │ 
2025-07-24 13:36:23,482 INFO     ___FILE_ONLY___ 2021.04.16
2025-07-24 13:36:23,482 INFO     ___FILE_ONLY___  
2025-07-24 13:36:23,482 INFO     ___FILE_ONLY___ │ 
2025-07-24 13:36:23,482 INFO     ___FILE_ONLY___  < 1 MiB
2025-07-24 13:36:23,482 INFO     ___FILE_ONLY___  
2025-07-24 13:36:23,482 INFO     ___FILE_ONLY___ │
2025-07-24 13:36:23,482 INFO     ___FILE_ONLY___ 

2025-07-24 13:36:23,482 INFO     ___FILE_ONLY___ └─────────────────────────────────────────────────────┴────────────┴──────────┘
2025-07-24 13:36:23,482 INFO     ___FILE_ONLY___ 

2025-07-24 13:36:23,482 INFO     ___FILE_ONLY___ 

2025-07-24 13:36:23,486 DEBUG    urllib3.connectionpool Starting new HTTPS connection (1): dl.google.com:443
2025-07-24 13:36:24,578 DEBUG    urllib3.connectionpool https://dl.google.com:443 "GET /dl/cloudsdk/channels/rapid/RELEASE_NOTES HTTP/11" 200 1455233
2025-07-24 13:36:25,056 INFO     ___FILE_ONLY___ For the latest full release notes, please visit:
  https://cloud.google.com/sdk/release_notes


2025-07-24 13:36:25,056 INFO     ___FILE_ONLY___ Performing in place update...


2025-07-24 13:36:25,058 INFO     ___FILE_ONLY___ ╔════════════════════════════════════════════════════════════╗

2025-07-24 13:36:25,059 INFO     ___FILE_ONLY___ ╠═ Downloading: BigQuery Command Line Tool                  ═╣

2025-07-24 13:36:25,059 INFO     ___FILE_ONLY___ ╚
2025-07-24 13:36:25,062 DEBUG    urllib3.connectionpool Starting new HTTPS connection (1): dl.google.com:443
2025-07-24 13:36:25,252 DEBUG    urllib3.connectionpool https://dl.google.com:443 "GET /dl/cloudsdk/channels/rapid/components/google-cloud-sdk-bq-20250718154810.tar.gz HTTP/11" 200 1855318
2025-07-24 13:36:25,269 INFO     ___FILE_ONLY___ ═
2025-07-24 13:36:25,269 INFO     ___FILE_ONLY___ ═
2025-07-24 13:36:25,269 INFO     ___FILE_ONLY___ ═
2025-07-24 13:36:25,269 INFO     ___FILE_ONLY___ ═
2025-07-24 13:36:25,269 INFO     ___FILE_ONLY___ ═
2025-07-24 13:36:25,269 INFO     ___FILE_ONLY___ ═
2025-07-24 13:36:25,269 INFO     ___FILE_ONLY___ ═
2025-07-24 13:36:25,270 INFO     ___FILE_ONLY___ ═
2025-07-24 13:36:25,270 INFO     ___FILE_ONLY___ ═
2025-07-24 13:36:25,270 INFO     ___FILE_ONLY___ ═
2025-07-24 13:36:25,270 INFO     ___FILE_ONLY___ ═
2025-07-24 13:36:25,270 INFO     ___FILE_ONLY___ ═
2025-07-24 13:36:25,270 INFO     ___FILE_ONLY___ ═
2025-07-24 13:36:25,270 INFO     ___FILE_ONLY___ ═
2025-07-24 13:36:25,270 INFO     ___FILE_ONLY___ ═
2025-07-24 13:36:25,270 INFO     ___FILE_ONLY___ ═
2025-07-24 13:36:25,270 INFO     ___FILE_ONLY___ ═
2025-07-24 13:36:25,270 INFO     ___FILE_ONLY___ ═
2025-07-24 13:36:25,270 INFO     ___FILE_ONLY___ ═
2025-07-24 13:36:25,271 INFO     ___FILE_ONLY___ ═
2025-07-24 13:36:25,271 INFO     ___FILE_ONLY___ ═
2025-07-24 13:36:25,271 INFO     ___FILE_ONLY___ ═
2025-07-24 13:36:25,271 INFO     ___FILE_ONLY___ ═
2025-07-24 13:36:25,271 INFO     ___FILE_ONLY___ ═
2025-07-24 13:36:25,271 INFO     ___FILE_ONLY___ ═
2025-07-24 13:36:25,271 INFO     ___FILE_ONLY___ ═
2025-07-24 13:36:25,271 INFO     ___FILE_ONLY___ ═
2025-07-24 13:36:25,271 INFO     ___FILE_ONLY___ ═
2025-07-24 13:36:25,271 INFO     ___FILE_ONLY___ ═
2025-07-24 13:36:25,272 INFO     ___FILE_ONLY___ ═
2025-07-24 13:36:25,272 INFO     ___FILE_ONLY___ ═
2025-07-24 13:36:25,272 INFO     ___FILE_ONLY___ ═
2025-07-24 13:36:25,272 INFO     ___FILE_ONLY___ ═
2025-07-24 13:36:25,272 INFO     ___FILE_ONLY___ ═
2025-07-24 13:36:25,272 INFO     ___FILE_ONLY___ ═
2025-07-24 13:36:25,272 INFO     ___FILE_ONLY___ ═
2025-07-24 13:36:25,272 INFO     ___FILE_ONLY___ ═
2025-07-24 13:36:25,272 INFO     ___FILE_ONLY___ ═
2025-07-24 13:36:25,272 INFO     ___FILE_ONLY___ ═
2025-07-24 13:36:25,272 INFO     ___FILE_ONLY___ ═
2025-07-24 13:36:25,272 INFO     ___FILE_ONLY___ ═
2025-07-24 13:36:25,273 INFO     ___FILE_ONLY___ ═
2025-07-24 13:36:25,273 INFO     ___FILE_ONLY___ ═
2025-07-24 13:36:25,273 INFO     ___FILE_ONLY___ ═
2025-07-24 13:36:25,273 INFO     ___FILE_ONLY___ ═
2025-07-24 13:36:25,273 INFO     ___FILE_ONLY___ ═
2025-07-24 13:36:25,273 INFO     ___FILE_ONLY___ ═
2025-07-24 13:36:25,273 INFO     ___FILE_ONLY___ ═
2025-07-24 13:36:25,273 INFO     ___FILE_ONLY___ ═
2025-07-24 13:36:25,273 INFO     ___FILE_ONLY___ ═
2025-07-24 13:36:25,273 INFO     ___FILE_ONLY___ ═
2025-07-24 13:36:25,273 INFO     ___FILE_ONLY___ ═
2025-07-24 13:36:25,274 INFO     ___FILE_ONLY___ ═
2025-07-24 13:36:25,274 INFO     ___FILE_ONLY___ ═
2025-07-24 13:36:25,274 INFO     ___FILE_ONLY___ ═
2025-07-24 13:36:25,274 INFO     ___FILE_ONLY___ ═
2025-07-24 13:36:25,274 INFO     ___FILE_ONLY___ ═
2025-07-24 13:36:25,274 INFO     ___FILE_ONLY___ ═
2025-07-24 13:36:25,274 INFO     ___FILE_ONLY___ ═
2025-07-24 13:36:25,274 INFO     ___FILE_ONLY___ ═
2025-07-24 13:36:25,274 INFO     ___FILE_ONLY___ ╝

2025-07-24 13:36:25,276 INFO     ___FILE_ONLY___ ╔════════════════════════════════════════════════════════════╗

2025-07-24 13:36:25,277 INFO     ___FILE_ONLY___ ╠═ Downloading: BigQuery Command Line Tool (Platform Spe... ═╣

2025-07-24 13:36:25,277 INFO     ___FILE_ONLY___ ╚
2025-07-24 13:36:25,281 DEBUG    urllib3.connectionpool Starting new HTTPS connection (1): dl.google.com:443
2025-07-24 13:36:26,345 DEBUG    urllib3.connectionpool https://dl.google.com:443 "GET /dl/cloudsdk/channels/rapid/components/google-cloud-sdk-bq-nix-20250523104322.tar.gz HTTP/11" 200 1935
2025-07-24 13:36:26,346 INFO     ___FILE_ONLY___ ════════════════════════════════════════════════════════════
2025-07-24 13:36:26,346 INFO     ___FILE_ONLY___ ╝

2025-07-24 13:36:26,348 INFO     ___FILE_ONLY___ ╔════════════════════════════════════════════════════════════╗

2025-07-24 13:36:26,348 INFO     ___FILE_ONLY___ ╠═ Downloading: Bundled Python 3.12                         ═╣

2025-07-24 13:36:26,348 INFO     ___FILE_ONLY___ ╚
2025-07-24 13:36:26,348 INFO     ___FILE_ONLY___ ════════════════════════════════════════════════════════════
2025-07-24 13:36:26,348 INFO     ___FILE_ONLY___ ╝

2025-07-24 13:36:26,350 INFO     ___FILE_ONLY___ ╔════════════════════════════════════════════════════════════╗

2025-07-24 13:36:26,350 INFO     ___FILE_ONLY___ ╠═ Downloading: Bundled Python 3.12 (Platform Specific)     ═╣

2025-07-24 13:36:26,350 INFO     ___FILE_ONLY___ ╚
2025-07-24 13:36:26,354 DEBUG    urllib3.connectionpool Starting new HTTPS connection (1): dl.google.com:443
2025-07-24 13:36:26,574 DEBUG    urllib3.connectionpool https://dl.google.com:443 "GET /dl/cloudsdk/channels/rapid/components/google-cloud-sdk-bundled-python3-unix-linux-x86_64-20250502143716.tar.gz HTTP/11" 200 93610468
2025-07-24 13:36:26,909 INFO     ___FILE_ONLY___ ═
2025-07-24 13:36:26,911 INFO     ___FILE_ONLY___ ═
2025-07-24 13:36:26,913 INFO     ___FILE_ONLY___ ═
2025-07-24 13:36:26,915 INFO     ___FILE_ONLY___ ═
2025-07-24 13:36:26,916 INFO     ___FILE_ONLY___ ═
2025-07-24 13:36:26,918 INFO     ___FILE_ONLY___ ═
2025-07-24 13:36:26,920 INFO     ___FILE_ONLY___ ═
2025-07-24 13:36:26,922 INFO     ___FILE_ONLY___ ═
2025-07-24 13:36:26,923 INFO     ___FILE_ONLY___ ═
2025-07-24 13:36:26,925 INFO     ___FILE_ONLY___ ═
2025-07-24 13:36:26,927 INFO     ___FILE_ONLY___ ═
2025-07-24 13:36:26,929 INFO     ___FILE_ONLY___ ═
2025-07-24 13:36:26,931 INFO     ___FILE_ONLY___ ═
2025-07-24 13:36:26,932 INFO     ___FILE_ONLY___ ═
2025-07-24 13:36:26,934 INFO     ___FILE_ONLY___ ═
2025-07-24 13:36:26,936 INFO     ___FILE_ONLY___ ═
2025-07-24 13:36:26,938 INFO     ___FILE_ONLY___ ═
2025-07-24 13:36:26,940 INFO     ___FILE_ONLY___ ═
2025-07-24 13:36:26,941 INFO     ___FILE_ONLY___ ═
2025-07-24 13:36:26,943 INFO     ___FILE_ONLY___ ═
2025-07-24 13:36:26,945 INFO     ___FILE_ONLY___ ═
2025-07-24 13:36:26,947 INFO     ___FILE_ONLY___ ═
2025-07-24 13:36:26,948 INFO     ___FILE_ONLY___ ═
2025-07-24 13:36:26,950 INFO     ___FILE_ONLY___ ═
2025-07-24 13:36:26,952 INFO     ___FILE_ONLY___ ═
2025-07-24 13:36:26,954 INFO     ___FILE_ONLY___ ═
2025-07-24 13:36:26,956 INFO     ___FILE_ONLY___ ═
2025-07-24 13:36:26,957 INFO     ___FILE_ONLY___ ═
2025-07-24 13:36:26,959 INFO     ___FILE_ONLY___ ═
2025-07-24 13:36:26,961 INFO     ___FILE_ONLY___ ═
2025-07-24 13:36:26,963 INFO     ___FILE_ONLY___ ═
2025-07-24 13:36:26,964 INFO     ___FILE_ONLY___ ═
2025-07-24 13:36:26,966 INFO     ___FILE_ONLY___ ═
2025-07-24 13:36:26,968 INFO     ___FILE_ONLY___ ═
2025-07-24 13:36:26,970 INFO     ___FILE_ONLY___ ═
2025-07-24 13:36:26,971 INFO     ___FILE_ONLY___ ═
2025-07-24 13:36:26,973 INFO     ___FILE_ONLY___ ═
2025-07-24 13:36:26,975 INFO     ___FILE_ONLY___ ═
2025-07-24 13:36:26,977 INFO     ___FILE_ONLY___ ═
2025-07-24 13:36:26,979 INFO     ___FILE_ONLY___ ═
2025-07-24 13:36:26,980 INFO     ___FILE_ONLY___ ═
2025-07-24 13:36:26,982 INFO     ___FILE_ONLY___ ═
2025-07-24 13:36:26,984 INFO     ___FILE_ONLY___ ═
2025-07-24 13:36:26,986 INFO     ___FILE_ONLY___ ═
2025-07-24 13:36:26,988 INFO     ___FILE_ONLY___ ═
2025-07-24 13:36:26,990 INFO     ___FILE_ONLY___ ═
2025-07-24 13:36:26,991 INFO     ___FILE_ONLY___ ═
2025-07-24 13:36:26,993 INFO     ___FILE_ONLY___ ═
2025-07-24 13:36:26,995 INFO     ___FILE_ONLY___ ═
2025-07-24 13:36:26,997 INFO     ___FILE_ONLY___ ═
2025-07-24 13:36:26,999 INFO     ___FILE_ONLY___ ═
2025-07-24 13:36:27,000 INFO     ___FILE_ONLY___ ═
2025-07-24 13:36:27,002 INFO     ___FILE_ONLY___ ═
2025-07-24 13:36:27,004 INFO     ___FILE_ONLY___ ═
2025-07-24 13:36:27,006 INFO     ___FILE_ONLY___ ═
2025-07-24 13:36:27,008 INFO     ___FILE_ONLY___ ═
2025-07-24 13:36:27,009 INFO     ___FILE_ONLY___ ═
2025-07-24 13:36:27,011 INFO     ___FILE_ONLY___ ═
2025-07-24 13:36:27,013 INFO     ___FILE_ONLY___ ═
2025-07-24 13:36:27,015 INFO     ___FILE_ONLY___ ═
2025-07-24 13:36:27,015 INFO     ___FILE_ONLY___ ╝

2025-07-24 13:36:27,017 INFO     ___FILE_ONLY___ ╔════════════════════════════════════════════════════════════╗

2025-07-24 13:36:27,018 INFO     ___FILE_ONLY___ ╠═ Downloading: Cloud Storage Command Line Tool             ═╣

2025-07-24 13:36:27,018 INFO     ___FILE_ONLY___ ╚
2025-07-24 13:36:27,021 DEBUG    urllib3.connectionpool Starting new HTTPS connection (1): dl.google.com:443
2025-07-24 13:36:28,081 DEBUG    urllib3.connectionpool https://dl.google.com:443 "GET /dl/cloudsdk/channels/rapid/components/google-cloud-sdk-gsutil-20250627154417.tar.gz HTTP/11" 200 12962791
2025-07-24 13:36:28,133 INFO     ___FILE_ONLY___ ═
2025-07-24 13:36:28,134 INFO     ___FILE_ONLY___ ═
2025-07-24 13:36:28,134 INFO     ___FILE_ONLY___ ═
2025-07-24 13:36:28,135 INFO     ___FILE_ONLY___ ═
2025-07-24 13:36:28,135 INFO     ___FILE_ONLY___ ═
2025-07-24 13:36:28,135 INFO     ___FILE_ONLY___ ═
2025-07-24 13:36:28,135 INFO     ___FILE_ONLY___ ═
2025-07-24 13:36:28,136 INFO     ___FILE_ONLY___ ═
2025-07-24 13:36:28,136 INFO     ___FILE_ONLY___ ═
2025-07-24 13:36:28,136 INFO     ___FILE_ONLY___ ═
2025-07-24 13:36:28,137 INFO     ___FILE_ONLY___ ═
2025-07-24 13:36:28,137 INFO     ___FILE_ONLY___ ═
2025-07-24 13:36:28,137 INFO     ___FILE_ONLY___ ═
2025-07-24 13:36:28,137 INFO     ___FILE_ONLY___ ═
2025-07-24 13:36:28,138 INFO     ___FILE_ONLY___ ═
2025-07-24 13:36:28,138 INFO     ___FILE_ONLY___ ═
2025-07-24 13:36:28,138 INFO     ___FILE_ONLY___ ═
2025-07-24 13:36:28,139 INFO     ___FILE_ONLY___ ═
2025-07-24 13:36:28,139 INFO     ___FILE_ONLY___ ═
2025-07-24 13:36:28,139 INFO     ___FILE_ONLY___ ═
2025-07-24 13:36:28,139 INFO     ___FILE_ONLY___ ═
2025-07-24 13:36:28,140 INFO     ___FILE_ONLY___ ═
2025-07-24 13:36:28,140 INFO     ___FILE_ONLY___ ═
2025-07-24 13:36:28,140 INFO     ___FILE_ONLY___ ═
2025-07-24 13:36:28,141 INFO     ___FILE_ONLY___ ═
2025-07-24 13:36:28,141 INFO     ___FILE_ONLY___ ═
2025-07-24 13:36:28,141 INFO     ___FILE_ONLY___ ═
2025-07-24 13:36:28,142 INFO     ___FILE_ONLY___ ═
2025-07-24 13:36:28,142 INFO     ___FILE_ONLY___ ═
2025-07-24 13:36:28,142 INFO     ___FILE_ONLY___ ═
2025-07-24 13:36:28,143 INFO     ___FILE_ONLY___ ═
2025-07-24 13:36:28,143 INFO     ___FILE_ONLY___ ═
2025-07-24 13:36:28,143 INFO     ___FILE_ONLY___ ═
2025-07-24 13:36:28,143 INFO     ___FILE_ONLY___ ═
2025-07-24 13:36:28,144 INFO     ___FILE_ONLY___ ═
2025-07-24 13:36:28,144 INFO     ___FILE_ONLY___ ═
2025-07-24 13:36:28,144 INFO     ___FILE_ONLY___ ═
2025-07-24 13:36:28,145 INFO     ___FILE_ONLY___ ═
2025-07-24 13:36:28,145 INFO     ___FILE_ONLY___ ═
2025-07-24 13:36:28,145 INFO     ___FILE_ONLY___ ═
2025-07-24 13:36:28,146 INFO     ___FILE_ONLY___ ═
2025-07-24 13:36:28,146 INFO     ___FILE_ONLY___ ═
2025-07-24 13:36:28,146 INFO     ___FILE_ONLY___ ═
2025-07-24 13:36:28,147 INFO     ___FILE_ONLY___ ═
2025-07-24 13:36:28,147 INFO     ___FILE_ONLY___ ═
2025-07-24 13:36:28,147 INFO     ___FILE_ONLY___ ═
2025-07-24 13:36:28,148 INFO     ___FILE_ONLY___ ═
2025-07-24 13:36:28,148 INFO     ___FILE_ONLY___ ═
2025-07-24 13:36:28,148 INFO     ___FILE_ONLY___ ═
2025-07-24 13:36:28,149 INFO     ___FILE_ONLY___ ═
2025-07-24 13:36:28,149 INFO     ___FILE_ONLY___ ═
2025-07-24 13:36:28,149 INFO     ___FILE_ONLY___ ═
2025-07-24 13:36:28,150 INFO     ___FILE_ONLY___ ═
2025-07-24 13:36:28,150 INFO     ___FILE_ONLY___ ═
2025-07-24 13:36:28,150 INFO     ___FILE_ONLY___ ═
2025-07-24 13:36:28,151 INFO     ___FILE_ONLY___ ═
2025-07-24 13:36:28,151 INFO     ___FILE_ONLY___ ═
2025-07-24 13:36:28,151 INFO     ___FILE_ONLY___ ═
2025-07-24 13:36:28,151 INFO     ___FILE_ONLY___ ═
2025-07-24 13:36:28,152 INFO     ___FILE_ONLY___ ═
2025-07-24 13:36:28,152 INFO     ___FILE_ONLY___ ╝

2025-07-24 13:36:28,154 INFO     ___FILE_ONLY___ ╔════════════════════════════════════════════════════════════╗

2025-07-24 13:36:28,154 INFO     ___FILE_ONLY___ ╠═ Downloading: Cloud Storage Command Line Tool (Platfor... ═╣

2025-07-24 13:36:28,155 INFO     ___FILE_ONLY___ ╚
2025-07-24 13:36:28,158 DEBUG    urllib3.connectionpool Starting new HTTPS connection (1): dl.google.com:443
2025-07-24 13:36:29,231 DEBUG    urllib3.connectionpool https://dl.google.com:443 "GET /dl/cloudsdk/channels/rapid/components/google-cloud-sdk-gsutil-nix-20250523104322.tar.gz HTTP/11" 200 1950
2025-07-24 13:36:29,232 INFO     ___FILE_ONLY___ ════════════════════════════════════════════════════════════
2025-07-24 13:36:29,232 INFO     ___FILE_ONLY___ ╝

2025-07-24 13:36:29,234 INFO     ___FILE_ONLY___ ╔════════════════════════════════════════════════════════════╗

2025-07-24 13:36:29,234 INFO     ___FILE_ONLY___ ╠═ Downloading: Default set of gcloud commands              ═╣

2025-07-24 13:36:29,234 INFO     ___FILE_ONLY___ ╚
2025-07-24 13:36:29,234 INFO     ___FILE_ONLY___ ════════════════════════════════════════════════════════════
2025-07-24 13:36:29,234 INFO     ___FILE_ONLY___ ╝

2025-07-24 13:36:29,236 INFO     ___FILE_ONLY___ ╔════════════════════════════════════════════════════════════╗

2025-07-24 13:36:29,236 INFO     ___FILE_ONLY___ ╠═ Downloading: Google Cloud CLI Core Libraries (Platfor... ═╣

2025-07-24 13:36:29,236 INFO     ___FILE_ONLY___ ╚
2025-07-24 13:36:29,240 DEBUG    urllib3.connectionpool Starting new HTTPS connection (1): dl.google.com:443
2025-07-24 13:36:29,459 DEBUG    urllib3.connectionpool https://dl.google.com:443 "GET /dl/cloudsdk/channels/rapid/components/google-cloud-sdk-core-nix-20250523104322.tar.gz HTTP/11" 200 2325
2025-07-24 13:36:29,460 INFO     ___FILE_ONLY___ ════════════════════════════════════════════════════════════
2025-07-24 13:36:29,460 INFO     ___FILE_ONLY___ ╝

2025-07-24 13:36:29,463 INFO     ___FILE_ONLY___ ╔════════════════════════════════════════════════════════════╗

2025-07-24 13:36:29,463 INFO     ___FILE_ONLY___ ╠═ Downloading: Google Cloud CRC32C Hash Tool               ═╣

2025-07-24 13:36:29,463 INFO     ___FILE_ONLY___ ╚
2025-07-24 13:36:29,463 INFO     ___FILE_ONLY___ ════════════════════════════════════════════════════════════
2025-07-24 13:36:29,463 INFO     ___FILE_ONLY___ ╝

2025-07-24 13:36:29,465 INFO     ___FILE_ONLY___ ╔════════════════════════════════════════════════════════════╗

2025-07-24 13:36:29,465 INFO     ___FILE_ONLY___ ╠═ Downloading: Google Cloud CRC32C Hash Tool (Platform ... ═╣

2025-07-24 13:36:29,465 INFO     ___FILE_ONLY___ ╚
2025-07-24 13:36:29,468 DEBUG    urllib3.connectionpool Starting new HTTPS connection (1): dl.google.com:443
2025-07-24 13:36:30,521 DEBUG    urllib3.connectionpool https://dl.google.com:443 "GET /dl/cloudsdk/channels/rapid/components/google-cloud-sdk-gcloud-crc32c-linux-x86_64-20250613150750.tar.gz HTTP/11" 200 1525557
2025-07-24 13:36:30,532 INFO     ___FILE_ONLY___ ═
2025-07-24 13:36:30,532 INFO     ___FILE_ONLY___ ═
2025-07-24 13:36:30,532 INFO     ___FILE_ONLY___ ═
2025-07-24 13:36:30,532 INFO     ___FILE_ONLY___ ═
2025-07-24 13:36:30,532 INFO     ___FILE_ONLY___ ═
2025-07-24 13:36:30,532 INFO     ___FILE_ONLY___ ═
2025-07-24 13:36:30,532 INFO     ___FILE_ONLY___ ═
2025-07-24 13:36:30,532 INFO     ___FILE_ONLY___ ═
2025-07-24 13:36:30,532 INFO     ___FILE_ONLY___ ═
2025-07-24 13:36:30,533 INFO     ___FILE_ONLY___ ═
2025-07-24 13:36:30,533 INFO     ___FILE_ONLY___ ═
2025-07-24 13:36:30,533 INFO     ___FILE_ONLY___ ═
2025-07-24 13:36:30,533 INFO     ___FILE_ONLY___ ═
2025-07-24 13:36:30,533 INFO     ___FILE_ONLY___ ═
2025-07-24 13:36:30,533 INFO     ___FILE_ONLY___ ═
2025-07-24 13:36:30,533 INFO     ___FILE_ONLY___ ═
2025-07-24 13:36:30,533 INFO     ___FILE_ONLY___ ═
2025-07-24 13:36:30,533 INFO     ___FILE_ONLY___ ═
2025-07-24 13:36:30,533 INFO     ___FILE_ONLY___ ═
2025-07-24 13:36:30,533 INFO     ___FILE_ONLY___ ═
2025-07-24 13:36:30,533 INFO     ___FILE_ONLY___ ═
2025-07-24 13:36:30,534 INFO     ___FILE_ONLY___ ═
2025-07-24 13:36:30,534 INFO     ___FILE_ONLY___ ═
2025-07-24 13:36:30,534 INFO     ___FILE_ONLY___ ═
2025-07-24 13:36:30,534 INFO     ___FILE_ONLY___ ═
2025-07-24 13:36:30,534 INFO     ___FILE_ONLY___ ═
2025-07-24 13:36:30,534 INFO     ___FILE_ONLY___ ═
2025-07-24 13:36:30,534 INFO     ___FILE_ONLY___ ═
2025-07-24 13:36:30,534 INFO     ___FILE_ONLY___ ═
2025-07-24 13:36:30,534 INFO     ___FILE_ONLY___ ═
2025-07-24 13:36:30,534 INFO     ___FILE_ONLY___ ═
2025-07-24 13:36:30,534 INFO     ___FILE_ONLY___ ═
2025-07-24 13:36:30,534 INFO     ___FILE_ONLY___ ═
2025-07-24 13:36:30,535 INFO     ___FILE_ONLY___ ═
2025-07-24 13:36:30,535 INFO     ___FILE_ONLY___ ═
2025-07-24 13:36:30,535 INFO     ___FILE_ONLY___ ═
2025-07-24 13:36:30,535 INFO     ___FILE_ONLY___ ═
2025-07-24 13:36:30,535 INFO     ___FILE_ONLY___ ═
2025-07-24 13:36:30,535 INFO     ___FILE_ONLY___ ═
2025-07-24 13:36:30,535 INFO     ___FILE_ONLY___ ═
2025-07-24 13:36:30,535 INFO     ___FILE_ONLY___ ═
2025-07-24 13:36:30,535 INFO     ___FILE_ONLY___ ═
2025-07-24 13:36:30,535 INFO     ___FILE_ONLY___ ═
2025-07-24 13:36:30,535 INFO     ___FILE_ONLY___ ═
2025-07-24 13:36:30,535 INFO     ___FILE_ONLY___ ═
2025-07-24 13:36:30,535 INFO     ___FILE_ONLY___ ═
2025-07-24 13:36:30,536 INFO     ___FILE_ONLY___ ═
2025-07-24 13:36:30,536 INFO     ___FILE_ONLY___ ═
2025-07-24 13:36:30,536 INFO     ___FILE_ONLY___ ═
2025-07-24 13:36:30,536 INFO     ___FILE_ONLY___ ═
2025-07-24 13:36:30,536 INFO     ___FILE_ONLY___ ═
2025-07-24 13:36:30,536 INFO     ___FILE_ONLY___ ═
2025-07-24 13:36:30,536 INFO     ___FILE_ONLY___ ═
2025-07-24 13:36:30,536 INFO     ___FILE_ONLY___ ═
2025-07-24 13:36:30,536 INFO     ___FILE_ONLY___ ═
2025-07-24 13:36:30,536 INFO     ___FILE_ONLY___ ═
2025-07-24 13:36:30,536 INFO     ___FILE_ONLY___ ═
2025-07-24 13:36:30,536 INFO     ___FILE_ONLY___ ═
2025-07-24 13:36:30,536 INFO     ___FILE_ONLY___ ═
2025-07-24 13:36:30,537 INFO     ___FILE_ONLY___ ═
2025-07-24 13:36:30,537 INFO     ___FILE_ONLY___ ╝

2025-07-24 13:36:30,539 INFO     ___FILE_ONLY___ ╔════════════════════════════════════════════════════════════╗

2025-07-24 13:36:30,539 INFO     ___FILE_ONLY___ ╠═ Downloading: gcloud cli dependencies (Platform Specific) ═╣

2025-07-24 13:36:30,539 INFO     ___FILE_ONLY___ ╚
2025-07-24 13:36:30,542 DEBUG    urllib3.connectionpool Starting new HTTPS connection (1): dl.google.com:443
2025-07-24 13:36:30,752 DEBUG    urllib3.connectionpool https://dl.google.com:443 "GET /dl/cloudsdk/channels/rapid/components/google-cloud-sdk-gcloud-deps-linux-x86_64-20210416153011.tar.gz HTTP/11" 200 104
2025-07-24 13:36:30,753 INFO     ___FILE_ONLY___ ════════════════════════════════════════════════════════════
2025-07-24 13:36:30,753 INFO     ___FILE_ONLY___ ╝

2025-07-24 13:36:30,755 INFO     ___FILE_ONLY___ ╔════════════════════════════════════════════════════════════╗

2025-07-24 13:36:30,755 INFO     ___FILE_ONLY___ ╠═ Installing: BigQuery Command Line Tool                   ═╣

2025-07-24 13:36:30,755 INFO     ___FILE_ONLY___ ╚
2025-07-24 13:36:30,848 INFO     ___FILE_ONLY___ ═
2025-07-24 13:36:30,851 INFO     ___FILE_ONLY___ ═
2025-07-24 13:36:30,853 INFO     ___FILE_ONLY___ ═
2025-07-24 13:36:30,855 INFO     ___FILE_ONLY___ ═
2025-07-24 13:36:30,858 INFO     ___FILE_ONLY___ ═
2025-07-24 13:36:30,860 INFO     ___FILE_ONLY___ ═
2025-07-24 13:36:30,863 INFO     ___FILE_ONLY___ ═
2025-07-24 13:36:30,864 INFO     ___FILE_ONLY___ ═
2025-07-24 13:36:30,866 INFO     ___FILE_ONLY___ ═
2025-07-24 13:36:30,869 INFO     ___FILE_ONLY___ ═
2025-07-24 13:36:30,871 INFO     ___FILE_ONLY___ ═
2025-07-24 13:36:30,873 INFO     ___FILE_ONLY___ ═
2025-07-24 13:36:30,875 INFO     ___FILE_ONLY___ ═
2025-07-24 13:36:30,877 INFO     ___FILE_ONLY___ ═
2025-07-24 13:36:30,879 INFO     ___FILE_ONLY___ ═
2025-07-24 13:36:30,881 INFO     ___FILE_ONLY___ ═
2025-07-24 13:36:30,883 INFO     ___FILE_ONLY___ ═
2025-07-24 13:36:30,885 INFO     ___FILE_ONLY___ ═
2025-07-24 13:36:30,887 INFO     ___FILE_ONLY___ ═
2025-07-24 13:36:30,891 INFO     ___FILE_ONLY___ ═
2025-07-24 13:36:30,893 INFO     ___FILE_ONLY___ ═
2025-07-24 13:36:30,895 INFO     ___FILE_ONLY___ ═
2025-07-24 13:36:30,897 INFO     ___FILE_ONLY___ ═
2025-07-24 13:36:30,899 INFO     ___FILE_ONLY___ ═
2025-07-24 13:36:30,901 INFO     ___FILE_ONLY___ ═
2025-07-24 13:36:30,903 INFO     ___FILE_ONLY___ ═
2025-07-24 13:36:30,905 INFO     ___FILE_ONLY___ ═
2025-07-24 13:36:30,907 INFO     ___FILE_ONLY___ ═
2025-07-24 13:36:30,909 INFO     ___FILE_ONLY___ ═
2025-07-24 13:36:30,913 INFO     ___FILE_ONLY___ ═
2025-07-24 13:36:30,914 INFO     ___FILE_ONLY___ ═
2025-07-24 13:36:30,916 INFO     ___FILE_ONLY___ ═
2025-07-24 13:36:30,918 INFO     ___FILE_ONLY___ ═
2025-07-24 13:36:30,921 INFO     ___FILE_ONLY___ ═
2025-07-24 13:36:30,924 INFO     ___FILE_ONLY___ ═
2025-07-24 13:36:30,931 INFO     ___FILE_ONLY___ ═
2025-07-24 13:36:30,936 INFO     ___FILE_ONLY___ ═
2025-07-24 13:36:30,941 INFO     ___FILE_ONLY___ ═
2025-07-24 13:36:30,943 INFO     ___FILE_ONLY___ ═
2025-07-24 13:36:30,946 INFO     ___FILE_ONLY___ ═
2025-07-24 13:36:30,948 INFO     ___FILE_ONLY___ ═
2025-07-24 13:36:30,950 INFO     ___FILE_ONLY___ ═
2025-07-24 13:36:30,953 INFO     ___FILE_ONLY___ ═
2025-07-24 13:36:30,956 INFO     ___FILE_ONLY___ ═
2025-07-24 13:36:30,958 INFO     ___FILE_ONLY___ ═
2025-07-24 13:36:30,961 INFO     ___FILE_ONLY___ ═
2025-07-24 13:36:30,962 INFO     ___FILE_ONLY___ ═
2025-07-24 13:36:30,965 INFO     ___FILE_ONLY___ ═
2025-07-24 13:36:30,967 INFO     ___FILE_ONLY___ ═
2025-07-24 13:36:30,969 INFO     ___FILE_ONLY___ ═
2025-07-24 13:36:30,971 INFO     ___FILE_ONLY___ ═
2025-07-24 13:36:30,973 INFO     ___FILE_ONLY___ ═
2025-07-24 13:36:30,975 INFO     ___FILE_ONLY___ ═
2025-07-24 13:36:30,978 INFO     ___FILE_ONLY___ ═
2025-07-24 13:36:30,979 INFO     ___FILE_ONLY___ ═
2025-07-24 13:36:30,981 INFO     ___FILE_ONLY___ ═
2025-07-24 13:36:30,984 INFO     ___FILE_ONLY___ ═
2025-07-24 13:36:30,985 INFO     ___FILE_ONLY___ ═
2025-07-24 13:36:30,987 INFO     ___FILE_ONLY___ ═
2025-07-24 13:36:30,989 INFO     ___FILE_ONLY___ ═
2025-07-24 13:36:30,989 INFO     ___FILE_ONLY___ ╝

2025-07-24 13:36:30,997 INFO     ___FILE_ONLY___ ╔════════════════════════════════════════════════════════════╗

2025-07-24 13:36:30,997 INFO     ___FILE_ONLY___ ╠═ Installing: BigQuery Command Line Tool (Platform Spec... ═╣

2025-07-24 13:36:30,997 INFO     ___FILE_ONLY___ ╚
2025-07-24 13:36:30,998 INFO     ___FILE_ONLY___ ════════════════════════════════════════════════════════════
2025-07-24 13:36:30,998 INFO     ___FILE_ONLY___ ╝

2025-07-24 13:36:31,004 INFO     ___FILE_ONLY___ ╔════════════════════════════════════════════════════════════╗

2025-07-24 13:36:31,004 INFO     ___FILE_ONLY___ ╠═ Installing: Bundled Python 3.12                          ═╣

2025-07-24 13:36:31,004 INFO     ___FILE_ONLY___ ╚
2025-07-24 13:36:31,007 INFO     ___FILE_ONLY___ ════════════════════════════════════════════════════════════
2025-07-24 13:36:31,007 INFO     ___FILE_ONLY___ ╝

2025-07-24 13:36:31,008 INFO     ___FILE_ONLY___ ╔════════════════════════════════════════════════════════════╗

2025-07-24 13:36:31,008 INFO     ___FILE_ONLY___ ╠═ Installing: Bundled Python 3.12 (Platform Specific)      ═╣

2025-07-24 13:36:31,008 INFO     ___FILE_ONLY___ ╚
2025-07-24 13:36:33,234 INFO     ___FILE_ONLY___ ═
2025-07-24 13:36:33,245 INFO     ___FILE_ONLY___ ═
2025-07-24 13:36:33,257 INFO     ___FILE_ONLY___ ═
2025-07-24 13:36:33,269 INFO     ___FILE_ONLY___ ═
2025-07-24 13:36:33,281 INFO     ___FILE_ONLY___ ═
2025-07-24 13:36:33,293 INFO     ___FILE_ONLY___ ═
2025-07-24 13:36:33,306 INFO     ___FILE_ONLY___ ═
2025-07-24 13:36:33,317 INFO     ___FILE_ONLY___ ═
2025-07-24 13:36:33,329 INFO     ___FILE_ONLY___ ═
2025-07-24 13:36:33,341 INFO     ___FILE_ONLY___ ═
2025-07-24 13:36:33,353 INFO     ___FILE_ONLY___ ═
2025-07-24 13:36:33,365 INFO     ___FILE_ONLY___ ═
2025-07-24 13:36:33,377 INFO     ___FILE_ONLY___ ═
2025-07-24 13:36:33,389 INFO     ___FILE_ONLY___ ═
2025-07-24 13:36:33,401 INFO     ___FILE_ONLY___ ═
2025-07-24 13:36:33,413 INFO     ___FILE_ONLY___ ═
2025-07-24 13:36:33,425 INFO     ___FILE_ONLY___ ═
2025-07-24 13:36:33,437 INFO     ___FILE_ONLY___ ═
2025-07-24 13:36:33,449 INFO     ___FILE_ONLY___ ═
2025-07-24 13:36:33,461 INFO     ___FILE_ONLY___ ═
2025-07-24 13:36:33,473 INFO     ___FILE_ONLY___ ═
2025-07-24 13:36:33,485 INFO     ___FILE_ONLY___ ═
2025-07-24 13:36:33,497 INFO     ___FILE_ONLY___ ═
2025-07-24 13:36:33,509 INFO     ___FILE_ONLY___ ═
2025-07-24 13:36:33,521 INFO     ___FILE_ONLY___ ═
2025-07-24 13:36:33,533 INFO     ___FILE_ONLY___ ═
2025-07-24 13:36:33,545 INFO     ___FILE_ONLY___ ═
2025-07-24 13:36:33,559 INFO     ___FILE_ONLY___ ═
2025-07-24 13:36:33,573 INFO     ___FILE_ONLY___ ═
2025-07-24 13:36:33,588 INFO     ___FILE_ONLY___ ═
2025-07-24 13:36:33,602 INFO     ___FILE_ONLY___ ═
2025-07-24 13:36:33,616 INFO     ___FILE_ONLY___ ═
2025-07-24 13:36:33,631 INFO     ___FILE_ONLY___ ═
2025-07-24 13:36:33,646 INFO     ___FILE_ONLY___ ═
2025-07-24 13:36:33,665 INFO     ___FILE_ONLY___ ═
2025-07-24 13:36:33,682 INFO     ___FILE_ONLY___ ═
2025-07-24 13:36:34,566 INFO     ___FILE_ONLY___ ═
2025-07-24 13:36:34,591 INFO     ___FILE_ONLY___ ═
2025-07-24 13:36:35,095 INFO     ___FILE_ONLY___ ═
2025-07-24 13:36:35,113 INFO     ___FILE_ONLY___ ═
2025-07-24 13:36:35,134 INFO     ___FILE_ONLY___ ═
2025-07-24 13:36:35,159 INFO     ___FILE_ONLY___ ═
2025-07-24 13:36:35,178 INFO     ___FILE_ONLY___ ═
2025-07-24 13:36:35,206 INFO     ___FILE_ONLY___ ═
2025-07-24 13:36:35,226 INFO     ___FILE_ONLY___ ═
2025-07-24 13:36:35,244 INFO     ___FILE_ONLY___ ═
2025-07-24 13:36:35,260 INFO     ___FILE_ONLY___ ═
2025-07-24 13:36:35,277 INFO     ___FILE_ONLY___ ═
2025-07-24 13:36:35,366 INFO     ___FILE_ONLY___ ═
2025-07-24 13:36:35,384 INFO     ___FILE_ONLY___ ═
2025-07-24 13:36:35,523 INFO     ___FILE_ONLY___ ═
2025-07-24 13:36:35,540 INFO     ___FILE_ONLY___ ═
2025-07-24 13:36:35,556 INFO     ___FILE_ONLY___ ═
2025-07-24 13:36:35,573 INFO     ___FILE_ONLY___ ═
2025-07-24 13:36:35,587 INFO     ___FILE_ONLY___ ═
2025-07-24 13:36:35,605 INFO     ___FILE_ONLY___ ═
2025-07-24 13:36:35,621 INFO     ___FILE_ONLY___ ═
2025-07-24 13:36:35,638 INFO     ___FILE_ONLY___ ═
2025-07-24 13:36:35,666 INFO     ___FILE_ONLY___ ═
2025-07-24 13:36:36,156 INFO     ___FILE_ONLY___ ═
2025-07-24 13:36:36,156 INFO     ___FILE_ONLY___ ╝

2025-07-24 13:36:36,210 INFO     ___FILE_ONLY___ ╔════════════════════════════════════════════════════════════╗

2025-07-24 13:36:36,210 INFO     ___FILE_ONLY___ ╠═ Installing: Cloud Storage Command Line Tool              ═╣

2025-07-24 13:36:36,210 INFO     ___FILE_ONLY___ ╚
2025-07-24 13:36:36,765 INFO     ___FILE_ONLY___ ═
2025-07-24 13:36:36,777 INFO     ___FILE_ONLY___ ═
2025-07-24 13:36:36,788 INFO     ___FILE_ONLY___ ═
2025-07-24 13:36:36,797 INFO     ___FILE_ONLY___ ═
2025-07-24 13:36:36,807 INFO     ___FILE_ONLY___ ═
2025-07-24 13:36:36,842 INFO     ___FILE_ONLY___ ═
2025-07-24 13:36:36,856 INFO     ___FILE_ONLY___ ═
2025-07-24 13:36:36,871 INFO     ___FILE_ONLY___ ═
2025-07-24 13:36:36,886 INFO     ___FILE_ONLY___ ═
2025-07-24 13:36:36,901 INFO     ___FILE_ONLY___ ═
2025-07-24 13:36:36,918 INFO     ___FILE_ONLY___ ═
2025-07-24 13:36:36,929 INFO     ___FILE_ONLY___ ═
2025-07-24 13:36:36,941 INFO     ___FILE_ONLY___ ═
2025-07-24 13:36:36,949 INFO     ___FILE_ONLY___ ═
2025-07-24 13:36:36,959 INFO     ___FILE_ONLY___ ═
2025-07-24 13:36:36,975 INFO     ___FILE_ONLY___ ═
2025-07-24 13:36:36,989 INFO     ___FILE_ONLY___ ═
2025-07-24 13:36:36,998 INFO     ___FILE_ONLY___ ═
2025-07-24 13:36:37,010 INFO     ___FILE_ONLY___ ═
2025-07-24 13:36:37,020 INFO     ___FILE_ONLY___ ═
2025-07-24 13:36:37,030 INFO     ___FILE_ONLY___ ═
2025-07-24 13:36:37,043 INFO     ___FILE_ONLY___ ═
2025-07-24 13:36:37,053 INFO     ___FILE_ONLY___ ═
2025-07-24 13:36:37,064 INFO     ___FILE_ONLY___ ═
2025-07-24 13:36:37,074 INFO     ___FILE_ONLY___ ═
2025-07-24 13:36:37,083 INFO     ___FILE_ONLY___ ═
2025-07-24 13:36:37,094 INFO     ___FILE_ONLY___ ═
2025-07-24 13:36:37,107 INFO     ___FILE_ONLY___ ═
2025-07-24 13:36:37,123 INFO     ___FILE_ONLY___ ═
2025-07-24 13:36:37,135 INFO     ___FILE_ONLY___ ═
2025-07-24 13:36:37,147 INFO     ___FILE_ONLY___ ═
2025-07-24 13:36:37,168 INFO     ___FILE_ONLY___ ═
2025-07-24 13:36:37,183 INFO     ___FILE_ONLY___ ═
2025-07-24 13:36:37,202 INFO     ___FILE_ONLY___ ═
2025-07-24 13:36:37,216 INFO     ___FILE_ONLY___ ═
2025-07-24 13:36:37,233 INFO     ___FILE_ONLY___ ═
2025-07-24 13:36:37,242 INFO     ___FILE_ONLY___ ═
2025-07-24 13:36:37,253 INFO     ___FILE_ONLY___ ═
2025-07-24 13:36:37,288 INFO     ___FILE_ONLY___ ═
2025-07-24 13:36:37,302 INFO     ___FILE_ONLY___ ═
2025-07-24 13:36:37,313 INFO     ___FILE_ONLY___ ═
2025-07-24 13:36:37,323 INFO     ___FILE_ONLY___ ═
2025-07-24 13:36:37,333 INFO     ___FILE_ONLY___ ═
2025-07-24 13:36:37,344 INFO     ___FILE_ONLY___ ═
2025-07-24 13:36:37,354 INFO     ___FILE_ONLY___ ═
2025-07-24 13:36:37,363 INFO     ___FILE_ONLY___ ═
2025-07-24 13:36:37,373 INFO     ___FILE_ONLY___ ═
2025-07-24 13:36:37,382 INFO     ___FILE_ONLY___ ═
2025-07-24 13:36:37,392 INFO     ___FILE_ONLY___ ═
2025-07-24 13:36:37,404 INFO     ___FILE_ONLY___ ═
2025-07-24 13:36:37,418 INFO     ___FILE_ONLY___ ═
2025-07-24 13:36:37,431 INFO     ___FILE_ONLY___ ═
2025-07-24 13:36:37,444 INFO     ___FILE_ONLY___ ═
2025-07-24 13:36:37,457 INFO     ___FILE_ONLY___ ═
2025-07-24 13:36:37,469 INFO     ___FILE_ONLY___ ═
2025-07-24 13:36:37,484 INFO     ___FILE_ONLY___ ═
2025-07-24 13:36:37,500 INFO     ___FILE_ONLY___ ═
2025-07-24 13:36:37,521 INFO     ___FILE_ONLY___ ═
2025-07-24 13:36:37,537 INFO     ___FILE_ONLY___ ═
2025-07-24 13:36:37,555 INFO     ___FILE_ONLY___ ═
2025-07-24 13:36:37,556 INFO     ___FILE_ONLY___ ╝

2025-07-24 13:36:37,587 INFO     ___FILE_ONLY___ ╔════════════════════════════════════════════════════════════╗

2025-07-24 13:36:37,588 INFO     ___FILE_ONLY___ ╠═ Installing: Cloud Storage Command Line Tool (Platform... ═╣

2025-07-24 13:36:37,588 INFO     ___FILE_ONLY___ ╚
2025-07-24 13:36:37,589 INFO     ___FILE_ONLY___ ════════════════════════════════════════════════════════════
2025-07-24 13:36:37,589 INFO     ___FILE_ONLY___ ╝

2025-07-24 13:36:37,593 INFO     ___FILE_ONLY___ ╔════════════════════════════════════════════════════════════╗

2025-07-24 13:36:37,594 INFO     ___FILE_ONLY___ ╠═ Installing: Default set of gcloud commands               ═╣

2025-07-24 13:36:37,594 INFO     ___FILE_ONLY___ ╚
2025-07-24 13:36:37,596 INFO     ___FILE_ONLY___ ════════════════════════════════════════════════════════════
2025-07-24 13:36:37,596 INFO     ___FILE_ONLY___ ╝

2025-07-24 13:36:37,598 INFO     ___FILE_ONLY___ ╔════════════════════════════════════════════════════════════╗

2025-07-24 13:36:37,598 INFO     ___FILE_ONLY___ ╠═ Installing: Google Cloud CLI Core Libraries (Platform... ═╣

2025-07-24 13:36:37,598 INFO     ___FILE_ONLY___ ╚
2025-07-24 13:36:37,599 INFO     ___FILE_ONLY___ ══════════════════════════════
2025-07-24 13:36:37,599 INFO     ___FILE_ONLY___ ══════════════════════════════
2025-07-24 13:36:37,599 INFO     ___FILE_ONLY___ ╝

2025-07-24 13:36:37,604 INFO     ___FILE_ONLY___ ╔════════════════════════════════════════════════════════════╗

2025-07-24 13:36:37,604 INFO     ___FILE_ONLY___ ╠═ Installing: Google Cloud CRC32C Hash Tool                ═╣

2025-07-24 13:36:37,604 INFO     ___FILE_ONLY___ ╚
2025-07-24 13:36:37,606 INFO     ___FILE_ONLY___ ════════════════════════════════════════════════════════════
2025-07-24 13:36:37,606 INFO     ___FILE_ONLY___ ╝

2025-07-24 13:36:37,608 INFO     ___FILE_ONLY___ ╔════════════════════════════════════════════════════════════╗

2025-07-24 13:36:37,608 INFO     ___FILE_ONLY___ ╠═ Installing: Google Cloud CRC32C Hash Tool (Platform S... ═╣

2025-07-24 13:36:37,608 INFO     ___FILE_ONLY___ ╚
2025-07-24 13:36:37,647 INFO     ___FILE_ONLY___ ══════════════════════════════
2025-07-24 13:36:37,648 INFO     ___FILE_ONLY___ ══════════════════════════════
2025-07-24 13:36:37,648 INFO     ___FILE_ONLY___ ╝

2025-07-24 13:36:37,653 INFO     ___FILE_ONLY___ ╔════════════════════════════════════════════════════════════╗

2025-07-24 13:36:37,653 INFO     ___FILE_ONLY___ ╠═ Installing: gcloud cli dependencies (Platform Specific)  ═╣

2025-07-24 13:36:37,653 INFO     ___FILE_ONLY___ ╚
2025-07-24 13:36:37,654 INFO     ___FILE_ONLY___ ════════════════════════════════════════════════════════════
2025-07-24 13:36:37,654 INFO     ___FILE_ONLY___ ╝

2025-07-24 13:36:37,659 DEBUG    root            Updating notification cache...
2025-07-24 13:36:37,659 INFO     ___FILE_ONLY___ 

2025-07-24 13:36:37,661 INFO     ___FILE_ONLY___ Performing post processing steps...
2025-07-24 13:36:37,662 DEBUG    root            Executing command: ['/tools/google-cloud-sdk/bin/gcloud', 'components', 'post-process']
2025-07-24 13:36:45,840 DEBUG    ___FILE_ONLY___ 
2025-07-24 13:36:45,840 DEBUG    ___FILE_ONLY___ 
2025-07-24 13:36:45,949 INFO     root            descriptor_list: [{'universeDomain': 'googleapis.com', 'universeShortName': '', 'authenticationDomain': 'auth.cloud.google.com', 'projectPrefix': '', 'cloudWebDomain': 'cloud.google.com', 'documentationDomain': 'cloud.google.com', 'version': '1.0.0', 'state': 'primary', 'artifactRegistryDomain': 'pkg.dev'}]
2025-07-24 13:36:45,949 INFO     ___FILE_ONLY___ 
Update done!


2025-07-24 13:36:45,952 DEBUG    root            Chosen display Format:none
2025-07-24 13:36:45,952 INFO     root            Display format: "none"
